<?xml version="1.0" encoding="UTF-8"?>
<!-- Generated by org.testng.reporters.JUnitReportReporter -->
<testsuite hostname="ZSCHN01LP0345" failures="0" tests="1" name="testscripts.loginTest" time="4.152" errors="0" timestamp="2024-02-22T17:29:56 IST" skipped="0">
  <testcase classname="testscripts.loginTest" name="validLogin" time="4.152"/>
  <system-out/>
</testsuite> <!-- testscripts.loginTest -->
